[0.839s] Invoking command in '/home/rafa/turtlebot_teleoperado/workspace/cli_interface': PYTHONPATH=/home/rafa/turtlebot_teleoperado/workspace/build/cli_interface/prefix_override:/home/rafa/turtlebot_teleoperado/workspace/install/cli_interface/lib/python3.10/site-packages:${PYTHONPATH} /usr/bin/python3 -W ignore:setup.py install is deprecated setup.py egg_info --egg-base ../build/cli_interface build --build-base /home/rafa/turtlebot_teleoperado/workspace/build/cli_interface/build install --record /home/rafa/turtlebot_teleoperado/workspace/build/cli_interface/install.log --single-version-externally-managed install_data
[1.093s] running egg_info
[1.093s] writing ../build/cli_interface/cli_interface.egg-info/PKG-INFO
[1.093s] writing dependency_links to ../build/cli_interface/cli_interface.egg-info/dependency_links.txt
[1.093s] writing entry points to ../build/cli_interface/cli_interface.egg-info/entry_points.txt
[1.094s] writing requirements to ../build/cli_interface/cli_interface.egg-info/requires.txt
[1.094s] writing top-level names to ../build/cli_interface/cli_interface.egg-info/top_level.txt
[1.095s] reading manifest file '../build/cli_interface/cli_interface.egg-info/SOURCES.txt'
[1.096s] writing manifest file '../build/cli_interface/cli_interface.egg-info/SOURCES.txt'
[1.096s] running build
[1.096s] running build_py
[1.096s] creating /home/rafa/turtlebot_teleoperado/workspace/build/cli_interface/build
[1.096s] creating /home/rafa/turtlebot_teleoperado/workspace/build/cli_interface/build/lib
[1.096s] creating /home/rafa/turtlebot_teleoperado/workspace/build/cli_interface/build/lib/cli_interface
[1.096s] copying cli_interface/cli_interface.py -> /home/rafa/turtlebot_teleoperado/workspace/build/cli_interface/build/lib/cli_interface
[1.096s] copying cli_interface/__init__.py -> /home/rafa/turtlebot_teleoperado/workspace/build/cli_interface/build/lib/cli_interface
[1.097s] running install
[1.097s] running install_lib
[1.098s] creating /home/rafa/turtlebot_teleoperado/workspace/install/cli_interface/lib/python3.10/site-packages/cli_interface
[1.098s] copying /home/rafa/turtlebot_teleoperado/workspace/build/cli_interface/build/lib/cli_interface/cli_interface.py -> /home/rafa/turtlebot_teleoperado/workspace/install/cli_interface/lib/python3.10/site-packages/cli_interface
[1.098s] copying /home/rafa/turtlebot_teleoperado/workspace/build/cli_interface/build/lib/cli_interface/__init__.py -> /home/rafa/turtlebot_teleoperado/workspace/install/cli_interface/lib/python3.10/site-packages/cli_interface
[1.098s] byte-compiling /home/rafa/turtlebot_teleoperado/workspace/install/cli_interface/lib/python3.10/site-packages/cli_interface/cli_interface.py to cli_interface.cpython-310.pyc
[1.100s] byte-compiling /home/rafa/turtlebot_teleoperado/workspace/install/cli_interface/lib/python3.10/site-packages/cli_interface/__init__.py to __init__.cpython-310.pyc
[1.100s] running install_data
[1.100s] copying resource/cli_interface -> /home/rafa/turtlebot_teleoperado/workspace/install/cli_interface/share/ament_index/resource_index/packages
[1.100s] copying package.xml -> /home/rafa/turtlebot_teleoperado/workspace/install/cli_interface/share/cli_interface
[1.100s] running install_egg_info
[1.101s] removing '/home/rafa/turtlebot_teleoperado/workspace/install/cli_interface/lib/python3.10/site-packages/cli_interface-0.0.0-py3.10.egg-info' (and everything under it)
[1.101s] Copying ../build/cli_interface/cli_interface.egg-info to /home/rafa/turtlebot_teleoperado/workspace/install/cli_interface/lib/python3.10/site-packages/cli_interface-0.0.0-py3.10.egg-info
[1.102s] running install_scripts
[1.124s] writing list of installed files to '/home/rafa/turtlebot_teleoperado/workspace/build/cli_interface/install.log'
[1.154s] Invoked command in '/home/rafa/turtlebot_teleoperado/workspace/cli_interface' returned '0': PYTHONPATH=/home/rafa/turtlebot_teleoperado/workspace/build/cli_interface/prefix_override:/home/rafa/turtlebot_teleoperado/workspace/install/cli_interface/lib/python3.10/site-packages:${PYTHONPATH} /usr/bin/python3 -W ignore:setup.py install is deprecated setup.py egg_info --egg-base ../build/cli_interface build --build-base /home/rafa/turtlebot_teleoperado/workspace/build/cli_interface/build install --record /home/rafa/turtlebot_teleoperado/workspace/build/cli_interface/install.log --single-version-externally-managed install_data
