[0.976s] Invoking command in '/home/rafa/turtlebot_teleoperado/workspace/cli_interface': PS1=(venv) PYTHONPATH=/home/rafa/turtlebot_teleoperado/workspace/build/cli_interface/prefix_override:/home/rafa/turtlebot_teleoperado/workspace/install/cli_interface/lib/python3.10/site-packages:${PYTHONPATH} VIRTUAL_ENV_PROMPT=(venv) /usr/bin/python3 -W ignore:setup.py install is deprecated setup.py egg_info --egg-base ../build/cli_interface build --build-base /home/rafa/turtlebot_teleoperado/workspace/build/cli_interface/build install --record /home/rafa/turtlebot_teleoperado/workspace/build/cli_interface/install.log --single-version-externally-managed install_data
[1.267s] running egg_info
[1.267s] writing ../build/cli_interface/cli_interface.egg-info/PKG-INFO
[1.267s] writing dependency_links to ../build/cli_interface/cli_interface.egg-info/dependency_links.txt
[1.267s] writing entry points to ../build/cli_interface/cli_interface.egg-info/entry_points.txt
[1.267s] writing requirements to ../build/cli_interface/cli_interface.egg-info/requires.txt
[1.268s] writing top-level names to ../build/cli_interface/cli_interface.egg-info/top_level.txt
[1.269s] reading manifest file '../build/cli_interface/cli_interface.egg-info/SOURCES.txt'
[1.270s] writing manifest file '../build/cli_interface/cli_interface.egg-info/SOURCES.txt'
[1.270s] running build
[1.270s] running build_py
[1.270s] running install
[1.270s] running install_lib
[1.271s] running install_data
[1.272s] running install_egg_info
[1.273s] removing '/home/rafa/turtlebot_teleoperado/workspace/install/cli_interface/lib/python3.10/site-packages/cli_interface-0.0.0-py3.10.egg-info' (and everything under it)
[1.273s] Copying ../build/cli_interface/cli_interface.egg-info to /home/rafa/turtlebot_teleoperado/workspace/install/cli_interface/lib/python3.10/site-packages/cli_interface-0.0.0-py3.10.egg-info
[1.274s] running install_scripts
[1.290s] Installing cli_interface script to /home/rafa/turtlebot_teleoperado/workspace/install/cli_interface/lib/cli_interface
[1.291s] writing list of installed files to '/home/rafa/turtlebot_teleoperado/workspace/build/cli_interface/install.log'
[1.313s] Invoked command in '/home/rafa/turtlebot_teleoperado/workspace/cli_interface' returned '0': PS1=(venv) PYTHONPATH=/home/rafa/turtlebot_teleoperado/workspace/build/cli_interface/prefix_override:/home/rafa/turtlebot_teleoperado/workspace/install/cli_interface/lib/python3.10/site-packages:${PYTHONPATH} VIRTUAL_ENV_PROMPT=(venv) /usr/bin/python3 -W ignore:setup.py install is deprecated setup.py egg_info --egg-base ../build/cli_interface build --build-base /home/rafa/turtlebot_teleoperado/workspace/build/cli_interface/build install --record /home/rafa/turtlebot_teleoperado/workspace/build/cli_interface/install.log --single-version-externally-managed install_data
