[0.069s] DEBUG:colcon:Command line arguments: ['/usr/bin/colcon', 'build']
[0.069s] DEBUG:colcon:Parsed command line arguments: Namespace(log_base=None, log_level=None, verb_name='build', build_base='build', install_base='install', merge_install=False, symlink_install=False, test_result_base=None, continue_on_error=False, executor='parallel', parallel_workers=8, event_handlers=None, ignore_user_meta=False, metas=['./colcon.meta'], base_paths=['.'], packages_ignore=None, packages_ignore_regex=None, paths=None, packages_up_to=None, packages_up_to_regex=None, packages_above=None, packages_above_and_dependencies=None, packages_above_depth=None, packages_select_by_dep=None, packages_skip_by_dep=None, packages_skip_up_to=None, packages_select_build_failed=False, packages_skip_build_finished=False, packages_select_test_failures=False, packages_skip_test_passed=False, packages_select=None, packages_skip=None, packages_select_regex=None, packages_skip_regex=None, packages_start=None, packages_end=None, allow_overriding=[], cmake_args=None, cmake_target=None, cmake_target_skip_unavailable=False, cmake_clean_cache=False, cmake_clean_first=False, cmake_force_configure=False, ament_cmake_args=None, catkin_cmake_args=None, catkin_skip_building_tests=False, verb_parser=<colcon_defaults.argument_parser.defaults.DefaultArgumentsDecorator object at 0x786dc2dd9570>, verb_extension=<colcon_core.verb.build.BuildVerb object at 0x786dc2dd8be0>, main=<bound method BuildVerb.main of <colcon_core.verb.build.BuildVerb object at 0x786dc2dd8be0>>)
[0.217s] Level 1:colcon.colcon_core.package_discovery:discover_packages(colcon_meta) check parameters
[0.217s] Level 1:colcon.colcon_core.package_discovery:discover_packages(recursive) check parameters
[0.217s] Level 1:colcon.colcon_core.package_discovery:discover_packages(ignore) check parameters
[0.217s] Level 1:colcon.colcon_core.package_discovery:discover_packages(path) check parameters
[0.217s] Level 1:colcon.colcon_core.package_discovery:discover_packages(colcon_meta) discover
[0.217s] Level 1:colcon.colcon_core.package_discovery:discover_packages(recursive) discover
[0.217s] INFO:colcon.colcon_core.package_discovery:Crawling recursively for packages in '/home/rafa/turtlebot_teleoperado/workspace/cli_interface'
[0.217s] Level 1:colcon.colcon_core.package_identification:_identify(.) by extensions ['ignore', 'ignore_ament_install']
[0.217s] Level 1:colcon.colcon_core.package_identification:_identify(.) by extension 'ignore'
[0.217s] Level 1:colcon.colcon_core.package_identification:_identify(.) by extension 'ignore_ament_install'
[0.217s] Level 1:colcon.colcon_core.package_identification:_identify(.) by extensions ['colcon_pkg']
[0.217s] Level 1:colcon.colcon_core.package_identification:_identify(.) by extension 'colcon_pkg'
[0.217s] Level 1:colcon.colcon_core.package_identification:_identify(.) by extensions ['colcon_meta']
[0.217s] Level 1:colcon.colcon_core.package_identification:_identify(.) by extension 'colcon_meta'
[0.217s] Level 1:colcon.colcon_core.package_identification:_identify(.) by extensions ['ros']
[0.217s] Level 1:colcon.colcon_core.package_identification:_identify(.) by extension 'ros'
[0.227s] DEBUG:colcon.colcon_core.package_identification:Package '.' with type 'ros.ament_python' and name 'cli_interface'
[0.227s] Level 1:colcon.colcon_core.package_discovery:discover_packages(recursive) using defaults
[0.227s] Level 1:colcon.colcon_core.package_discovery:discover_packages(ignore) discover
[0.227s] Level 1:colcon.colcon_core.package_discovery:discover_packages(ignore) using defaults
[0.227s] Level 1:colcon.colcon_core.package_discovery:discover_packages(path) discover
[0.227s] Level 1:colcon.colcon_core.package_discovery:discover_packages(path) using defaults
[0.247s] Level 1:colcon.colcon_core.package_discovery:discover_packages(prefix_path) check parameters
[0.247s] Level 1:colcon.colcon_core.package_discovery:discover_packages(prefix_path) discover
[0.249s] DEBUG:colcon.colcon_installed_package_information.package_discovery:Found 384 installed packages in /opt/ros/humble
[0.250s] Level 1:colcon.colcon_core.package_discovery:discover_packages(prefix_path) using defaults
[0.280s] Level 5:colcon.colcon_core.verb:set package 'cli_interface' build argument 'cmake_args' from command line to 'None'
[0.280s] Level 5:colcon.colcon_core.verb:set package 'cli_interface' build argument 'cmake_target' from command line to 'None'
[0.280s] Level 5:colcon.colcon_core.verb:set package 'cli_interface' build argument 'cmake_target_skip_unavailable' from command line to 'False'
[0.280s] Level 5:colcon.colcon_core.verb:set package 'cli_interface' build argument 'cmake_clean_cache' from command line to 'False'
[0.280s] Level 5:colcon.colcon_core.verb:set package 'cli_interface' build argument 'cmake_clean_first' from command line to 'False'
[0.280s] Level 5:colcon.colcon_core.verb:set package 'cli_interface' build argument 'cmake_force_configure' from command line to 'False'
[0.280s] Level 5:colcon.colcon_core.verb:set package 'cli_interface' build argument 'ament_cmake_args' from command line to 'None'
[0.280s] Level 5:colcon.colcon_core.verb:set package 'cli_interface' build argument 'catkin_cmake_args' from command line to 'None'
[0.280s] Level 5:colcon.colcon_core.verb:set package 'cli_interface' build argument 'catkin_skip_building_tests' from command line to 'False'
[0.280s] DEBUG:colcon.colcon_core.verb:Building package 'cli_interface' with the following arguments: {'ament_cmake_args': None, 'build_base': '/home/rafa/turtlebot_teleoperado/workspace/cli_interface/build/cli_interface', 'catkin_cmake_args': None, 'catkin_skip_building_tests': False, 'cmake_args': None, 'cmake_clean_cache': False, 'cmake_clean_first': False, 'cmake_force_configure': False, 'cmake_target': None, 'cmake_target_skip_unavailable': False, 'install_base': '/home/rafa/turtlebot_teleoperado/workspace/cli_interface/install/cli_interface', 'merge_install': False, 'path': '/home/rafa/turtlebot_teleoperado/workspace/cli_interface', 'symlink_install': False, 'test_result_base': None}
[0.281s] INFO:colcon.colcon_core.executor:Executing jobs using 'parallel' executor
[0.282s] DEBUG:colcon.colcon_parallel_executor.executor.parallel:run_until_complete
[0.282s] INFO:colcon.colcon_ros.task.ament_python.build:Building ROS package in '/home/rafa/turtlebot_teleoperado/workspace/cli_interface' with build type 'ament_python'
[0.282s] Level 1:colcon.colcon_core.shell:create_environment_hook('cli_interface', 'ament_prefix_path')
[0.283s] INFO:colcon.colcon_core.plugin_system:Skipping extension 'colcon_core.shell.bat': Not used on non-Windows systems
[0.283s] INFO:colcon.colcon_core.shell:Creating environment hook '/home/rafa/turtlebot_teleoperado/workspace/cli_interface/install/cli_interface/share/cli_interface/hook/ament_prefix_path.ps1'
[0.284s] INFO:colcon.colcon_core.shell:Creating environment descriptor '/home/rafa/turtlebot_teleoperado/workspace/cli_interface/install/cli_interface/share/cli_interface/hook/ament_prefix_path.dsv'
[0.284s] INFO:colcon.colcon_core.shell:Creating environment hook '/home/rafa/turtlebot_teleoperado/workspace/cli_interface/install/cli_interface/share/cli_interface/hook/ament_prefix_path.sh'
[0.285s] INFO:colcon.colcon_core.shell:Skip shell extension 'powershell' for command environment: Not usable outside of PowerShell
[0.285s] DEBUG:colcon.colcon_core.shell:Skip shell extension 'dsv' for command environment
[0.483s] INFO:colcon.colcon_core.task.python.build:Building Python package in '/home/rafa/turtlebot_teleoperado/workspace/cli_interface'
[0.483s] INFO:colcon.colcon_core.shell:Skip shell extension 'powershell' for command environment: Not usable outside of PowerShell
[0.483s] DEBUG:colcon.colcon_core.shell:Skip shell extension 'dsv' for command environment
[0.757s] DEBUG:colcon.colcon_core.event_handler.log_command:Invoking command in '/home/rafa/turtlebot_teleoperado/workspace/cli_interface': PYTHONPATH=/home/rafa/turtlebot_teleoperado/workspace/cli_interface/build/cli_interface/prefix_override:/home/rafa/turtlebot_teleoperado/workspace/cli_interface/install/cli_interface/lib/python3.10/site-packages:${PYTHONPATH} /usr/bin/python3 -W ignore:setup.py install is deprecated setup.py egg_info --egg-base build/cli_interface build --build-base /home/rafa/turtlebot_teleoperado/workspace/cli_interface/build/cli_interface/build install --record /home/rafa/turtlebot_teleoperado/workspace/cli_interface/build/cli_interface/install.log --single-version-externally-managed install_data
[0.984s] DEBUG:colcon.colcon_core.event_handler.log_command:Invoked command in '/home/rafa/turtlebot_teleoperado/workspace/cli_interface' returned '0': PYTHONPATH=/home/rafa/turtlebot_teleoperado/workspace/cli_interface/build/cli_interface/prefix_override:/home/rafa/turtlebot_teleoperado/workspace/cli_interface/install/cli_interface/lib/python3.10/site-packages:${PYTHONPATH} /usr/bin/python3 -W ignore:setup.py install is deprecated setup.py egg_info --egg-base build/cli_interface build --build-base /home/rafa/turtlebot_teleoperado/workspace/cli_interface/build/cli_interface/build install --record /home/rafa/turtlebot_teleoperado/workspace/cli_interface/build/cli_interface/install.log --single-version-externally-managed install_data
[0.986s] Level 1:colcon.colcon_core.environment:checking '/home/rafa/turtlebot_teleoperado/workspace/cli_interface/install/cli_interface' for CMake module files
[0.986s] Level 1:colcon.colcon_core.environment:checking '/home/rafa/turtlebot_teleoperado/workspace/cli_interface/install/cli_interface' for CMake config files
[0.986s] Level 1:colcon.colcon_core.environment:checking '/home/rafa/turtlebot_teleoperado/workspace/cli_interface/install/cli_interface/lib'
[0.987s] Level 1:colcon.colcon_core.environment:checking '/home/rafa/turtlebot_teleoperado/workspace/cli_interface/install/cli_interface/bin'
[0.987s] Level 1:colcon.colcon_core.environment:checking '/home/rafa/turtlebot_teleoperado/workspace/cli_interface/install/cli_interface/lib/pkgconfig/cli_interface.pc'
[0.987s] Level 1:colcon.colcon_core.environment:checking '/home/rafa/turtlebot_teleoperado/workspace/cli_interface/install/cli_interface/lib/python3.10/site-packages'
[0.987s] Level 1:colcon.colcon_core.shell:create_environment_hook('cli_interface', 'pythonpath')
[0.987s] INFO:colcon.colcon_core.shell:Creating environment hook '/home/rafa/turtlebot_teleoperado/workspace/cli_interface/install/cli_interface/share/cli_interface/hook/pythonpath.ps1'
[0.987s] INFO:colcon.colcon_core.shell:Creating environment descriptor '/home/rafa/turtlebot_teleoperado/workspace/cli_interface/install/cli_interface/share/cli_interface/hook/pythonpath.dsv'
[0.987s] INFO:colcon.colcon_core.shell:Creating environment hook '/home/rafa/turtlebot_teleoperado/workspace/cli_interface/install/cli_interface/share/cli_interface/hook/pythonpath.sh'
[0.988s] Level 1:colcon.colcon_core.environment:checking '/home/rafa/turtlebot_teleoperado/workspace/cli_interface/install/cli_interface/bin'
[0.988s] Level 1:colcon.colcon_core.environment:create_environment_scripts_only(cli_interface)
[0.988s] INFO:colcon.colcon_core.shell:Creating package script '/home/rafa/turtlebot_teleoperado/workspace/cli_interface/install/cli_interface/share/cli_interface/package.ps1'
[0.988s] INFO:colcon.colcon_core.shell:Creating package descriptor '/home/rafa/turtlebot_teleoperado/workspace/cli_interface/install/cli_interface/share/cli_interface/package.dsv'
[0.989s] INFO:colcon.colcon_core.shell:Creating package script '/home/rafa/turtlebot_teleoperado/workspace/cli_interface/install/cli_interface/share/cli_interface/package.sh'
[0.989s] INFO:colcon.colcon_core.shell:Creating package script '/home/rafa/turtlebot_teleoperado/workspace/cli_interface/install/cli_interface/share/cli_interface/package.bash'
[0.990s] INFO:colcon.colcon_core.shell:Creating package script '/home/rafa/turtlebot_teleoperado/workspace/cli_interface/install/cli_interface/share/cli_interface/package.zsh'
[0.990s] Level 1:colcon.colcon_core.environment:create_file_with_runtime_dependencies(/home/rafa/turtlebot_teleoperado/workspace/cli_interface/install/cli_interface/share/colcon-core/packages/cli_interface)
[0.990s] DEBUG:colcon.colcon_parallel_executor.executor.parallel:closing loop
[0.991s] DEBUG:colcon.colcon_parallel_executor.executor.parallel:loop closed
[0.991s] DEBUG:colcon.colcon_parallel_executor.executor.parallel:run_until_complete finished with '0'
[0.991s] DEBUG:colcon.colcon_core.event_reactor:joining thread
[0.997s] INFO:colcon.colcon_core.plugin_system:Skipping extension 'colcon_notification.desktop_notification.terminal_notifier': Not used on non-Darwin systems
[0.997s] INFO:colcon.colcon_core.plugin_system:Skipping extension 'colcon_notification.desktop_notification.win32': Not used on non-Windows systems
[0.997s] INFO:colcon.colcon_notification.desktop_notification:Sending desktop notification using 'notify2'
[1.008s] DEBUG:colcon.colcon_core.event_reactor:joined thread
[1.008s] INFO:colcon.colcon_core.shell:Creating prefix script '/home/rafa/turtlebot_teleoperado/workspace/cli_interface/install/local_setup.ps1'
[1.009s] INFO:colcon.colcon_core.shell:Creating prefix util module '/home/rafa/turtlebot_teleoperado/workspace/cli_interface/install/_local_setup_util_ps1.py'
[1.010s] INFO:colcon.colcon_core.shell:Creating prefix chain script '/home/rafa/turtlebot_teleoperado/workspace/cli_interface/install/setup.ps1'
[1.012s] INFO:colcon.colcon_core.shell:Creating prefix script '/home/rafa/turtlebot_teleoperado/workspace/cli_interface/install/local_setup.sh'
[1.012s] INFO:colcon.colcon_core.shell:Creating prefix util module '/home/rafa/turtlebot_teleoperado/workspace/cli_interface/install/_local_setup_util_sh.py'
[1.033s] INFO:colcon.colcon_core.shell:Creating prefix chain script '/home/rafa/turtlebot_teleoperado/workspace/cli_interface/install/setup.sh'
[1.035s] INFO:colcon.colcon_core.shell:Creating prefix script '/home/rafa/turtlebot_teleoperado/workspace/cli_interface/install/local_setup.bash'
[1.035s] INFO:colcon.colcon_core.shell:Creating prefix chain script '/home/rafa/turtlebot_teleoperado/workspace/cli_interface/install/setup.bash'
[1.035s] INFO:colcon.colcon_core.shell:Creating prefix script '/home/rafa/turtlebot_teleoperado/workspace/cli_interface/install/local_setup.zsh'
[1.036s] INFO:colcon.colcon_core.shell:Creating prefix chain script '/home/rafa/turtlebot_teleoperado/workspace/cli_interface/install/setup.zsh'
