[0.726s] Invoking command in '/home/rafa/turtlebot_teleoperado/workspace/cli_interface': PS1=(venv) PYTHONPATH=/home/rafa/turtlebot_teleoperado/workspace/build/cli_interface/prefix_override:/home/rafa/turtlebot_teleoperado/workspace/install/cli_interface/lib/python3.10/site-packages:${PYTHONPATH} VIRTUAL_ENV_PROMPT=(venv) /usr/bin/python3 -W ignore:setup.py install is deprecated setup.py egg_info --egg-base ../build/cli_interface build --build-base /home/rafa/turtlebot_teleoperado/workspace/build/cli_interface/build install --record /home/rafa/turtlebot_teleoperado/workspace/build/cli_interface/install.log --single-version-externally-managed install_data
[0.918s] running egg_info
[0.918s] writing ../build/cli_interface/cli_interface.egg-info/PKG-INFO
[0.928s] writing dependency_links to ../build/cli_interface/cli_interface.egg-info/dependency_links.txt
[0.928s] writing entry points to ../build/cli_interface/cli_interface.egg-info/entry_points.txt
[0.928s] writing requirements to ../build/cli_interface/cli_interface.egg-info/requires.txt
[0.928s] writing top-level names to ../build/cli_interface/cli_interface.egg-info/top_level.txt
[0.929s] reading manifest file '../build/cli_interface/cli_interface.egg-info/SOURCES.txt'
[0.930s] writing manifest file '../build/cli_interface/cli_interface.egg-info/SOURCES.txt'
[0.930s] running build
[0.930s] running build_py
[0.930s] running install
[0.930s] running install_lib
[0.931s] running install_data
[0.931s] running install_egg_info
[0.932s] removing '/home/rafa/turtlebot_teleoperado/workspace/install/cli_interface/lib/python3.10/site-packages/cli_interface-0.0.0-py3.10.egg-info' (and everything under it)
[0.933s] Copying ../build/cli_interface/cli_interface.egg-info to /home/rafa/turtlebot_teleoperado/workspace/install/cli_interface/lib/python3.10/site-packages/cli_interface-0.0.0-py3.10.egg-info
[0.933s] running install_scripts
[0.948s] Installing cli_interface script to /home/rafa/turtlebot_teleoperado/workspace/install/cli_interface/lib/cli_interface
[0.949s] writing list of installed files to '/home/rafa/turtlebot_teleoperado/workspace/build/cli_interface/install.log'
[0.974s] Invoked command in '/home/rafa/turtlebot_teleoperado/workspace/cli_interface' returned '0': PS1=(venv) PYTHONPATH=/home/rafa/turtlebot_teleoperado/workspace/build/cli_interface/prefix_override:/home/rafa/turtlebot_teleoperado/workspace/install/cli_interface/lib/python3.10/site-packages:${PYTHONPATH} VIRTUAL_ENV_PROMPT=(venv) /usr/bin/python3 -W ignore:setup.py install is deprecated setup.py egg_info --egg-base ../build/cli_interface build --build-base /home/rafa/turtlebot_teleoperado/workspace/build/cli_interface/build install --record /home/rafa/turtlebot_teleoperado/workspace/build/cli_interface/install.log --single-version-externally-managed install_data
