[0.857s] Invoking command in '/home/rafa/turtlebot_teleoperado/workspace/cli_interface': PYTHONPATH=/home/rafa/turtlebot_teleoperado/workspace/build/cli_interface/prefix_override:/home/rafa/turtlebot_teleoperado/workspace/install/cli_interface/lib/python3.10/site-packages:${PYTHONPATH} /usr/bin/python3 -W ignore:setup.py install is deprecated setup.py egg_info --egg-base ../build/cli_interface build --build-base /home/rafa/turtlebot_teleoperado/workspace/build/cli_interface/build install --record /home/rafa/turtlebot_teleoperado/workspace/build/cli_interface/install.log --single-version-externally-managed install_data
[1.109s] running egg_info
[1.110s] writing ../build/cli_interface/cli_interface.egg-info/PKG-INFO
[1.110s] writing dependency_links to ../build/cli_interface/cli_interface.egg-info/dependency_links.txt
[1.110s] writing entry points to ../build/cli_interface/cli_interface.egg-info/entry_points.txt
[1.111s] writing requirements to ../build/cli_interface/cli_interface.egg-info/requires.txt
[1.111s] writing top-level names to ../build/cli_interface/cli_interface.egg-info/top_level.txt
[1.113s] reading manifest file '../build/cli_interface/cli_interface.egg-info/SOURCES.txt'
[1.113s] writing manifest file '../build/cli_interface/cli_interface.egg-info/SOURCES.txt'
[1.113s] running build
[1.113s] running build_py
[1.114s] running install
[1.114s] running install_lib
[1.115s] running install_data
[1.115s] copying package.xml -> /home/rafa/turtlebot_teleoperado/workspace/install/cli_interface/share/cli_interface
[1.115s] running install_egg_info
[1.117s] removing '/home/rafa/turtlebot_teleoperado/workspace/install/cli_interface/lib/python3.10/site-packages/cli_interface-0.0.0-py3.10.egg-info' (and everything under it)
[1.117s] Copying ../build/cli_interface/cli_interface.egg-info to /home/rafa/turtlebot_teleoperado/workspace/install/cli_interface/lib/python3.10/site-packages/cli_interface-0.0.0-py3.10.egg-info
[1.118s] running install_scripts
[1.146s] Installing cli_interface script to /home/rafa/turtlebot_teleoperado/workspace/install/cli_interface/lib/cli_interface
[1.146s] writing list of installed files to '/home/rafa/turtlebot_teleoperado/workspace/build/cli_interface/install.log'
[1.184s] Invoked command in '/home/rafa/turtlebot_teleoperado/workspace/cli_interface' returned '0': PYTHONPATH=/home/rafa/turtlebot_teleoperado/workspace/build/cli_interface/prefix_override:/home/rafa/turtlebot_teleoperado/workspace/install/cli_interface/lib/python3.10/site-packages:${PYTHONPATH} /usr/bin/python3 -W ignore:setup.py install is deprecated setup.py egg_info --egg-base ../build/cli_interface build --build-base /home/rafa/turtlebot_teleoperado/workspace/build/cli_interface/build install --record /home/rafa/turtlebot_teleoperado/workspace/build/cli_interface/install.log --single-version-externally-managed install_data
